Start auto log messages stack - Iteration 1.	[MsgId: MMSG-10545]
Action.c(263): web_add_header("Origin") started  	[MsgId: MMSG-26355]
Action.c(263): web_add_header("Origin") was successful  	[MsgId: MMSG-26392]
Action.c(266): web_reg_save_param_json started  	[MsgId: MMSG-26355]
Action.c(266): Registering web_reg_save_param_json was successful  	[MsgId: MMSG-26390]
Action.c(273): web_reg_save_param_json started  	[MsgId: MMSG-26355]
Action.c(273): Registering web_reg_save_param_json was successful  	[MsgId: MMSG-26390]
Action.c(279): web_reg_save_param_json started  	[MsgId: MMSG-26355]
Action.c(279): Registering web_reg_save_param_json was successful  	[MsgId: MMSG-26390]
Action.c(285): web_custom_request("teamMember_2") started  	[MsgId: MMSG-26355]
Action.c(285): Error -26631: HTTP Status-Code=400 (Bad Request) for "https://dev-boomq.pflb.ru/auth-srv/teamMember?teamId=5"  	[MsgId: MERR-26631]
End auto log messages stack.	[MsgId: MMSG-10544]


Start auto log messages stack - Iteration 1.	[MsgId: MMSG-10545]
Action.c(285): Warning -35060: No matches were found for the specified query: "$..inviteUrl"  	[MsgId: MWAR-35060]
Action.c(285): Error -35060: No matches were found for the specified query: "$..id"  	[MsgId: MERR-35060]
Action.c(285): Error -35060: No matches were found for the specified query: "$..userId"  	[MsgId: MERR-35060]
End auto log messages stack.	[MsgId: MMSG-10544]


Start auto log messages stack - Iteration 2.	[MsgId: MMSG-10545]
Action.c(263): web_add_header("Origin") started  	[MsgId: MMSG-26355]
Action.c(263): web_add_header("Origin") was successful  	[MsgId: MMSG-26392]
Action.c(266): web_reg_save_param_json started  	[MsgId: MMSG-26355]
Action.c(266): Registering web_reg_save_param_json was successful  	[MsgId: MMSG-26390]
Action.c(273): web_reg_save_param_json started  	[MsgId: MMSG-26355]
Action.c(273): Registering web_reg_save_param_json was successful  	[MsgId: MMSG-26390]
Action.c(279): web_reg_save_param_json started  	[MsgId: MMSG-26355]
Action.c(279): Registering web_reg_save_param_json was successful  	[MsgId: MMSG-26390]
Action.c(285): web_custom_request("teamMember_2") started  	[MsgId: MMSG-26355]
Action.c(285): Error -26631: HTTP Status-Code=400 (Bad Request) for "https://dev-boomq.pflb.ru/auth-srv/teamMember?teamId=5"  	[MsgId: MERR-26631]
End auto log messages stack.	[MsgId: MMSG-10544]


Start auto log messages stack - Iteration 2.	[MsgId: MMSG-10545]
Action.c(285): Warning -35060: No matches were found for the specified query: "$..inviteUrl"  	[MsgId: MWAR-35060]
Action.c(285): Error -35060: No matches were found for the specified query: "$..id"  	[MsgId: MERR-35060]
Action.c(285): Error -35060: No matches were found for the specified query: "$..userId"  	[MsgId: MERR-35060]
End auto log messages stack.	[MsgId: MMSG-10544]


Start auto log messages stack - Iteration 1.	[MsgId: MMSG-10545]
Action.c(263): web_add_header("Origin") started  	[MsgId: MMSG-26355]
Action.c(263): web_add_header("Origin") was successful  	[MsgId: MMSG-26392]
Action.c(266): web_reg_save_param_json started  	[MsgId: MMSG-26355]
Action.c(266): Registering web_reg_save_param_json was successful  	[MsgId: MMSG-26390]
Action.c(273): web_reg_save_param_json started  	[MsgId: MMSG-26355]
Action.c(273): Registering web_reg_save_param_json was successful  	[MsgId: MMSG-26390]
Action.c(279): web_reg_save_param_json started  	[MsgId: MMSG-26355]
Action.c(279): Registering web_reg_save_param_json was successful  	[MsgId: MMSG-26390]
Action.c(285): web_custom_request("teamMember_2") started  	[MsgId: MMSG-26355]
Action.c(285): Error -26631: HTTP Status-Code=400 (Bad Request) for "https://dev-boomq.pflb.ru/auth-srv/teamMember?teamId=5"  	[MsgId: MERR-26631]
End auto log messages stack.	[MsgId: MMSG-10544]


Start auto log messages stack - Iteration 1.	[MsgId: MMSG-10545]
Action.c(285): Warning -35060: No matches were found for the specified query: "$..inviteUrl"  	[MsgId: MWAR-35060]
Action.c(285): Error -35060: No matches were found for the specified query: "$..id"  	[MsgId: MERR-35060]
Action.c(285): Error -35060: No matches were found for the specified query: "$..userId"  	[MsgId: MERR-35060]
End auto log messages stack.	[MsgId: MMSG-10544]


Start auto log messages stack - Iteration 2.	[MsgId: MMSG-10545]
Action.c(263): web_add_header("Origin") started  	[MsgId: MMSG-26355]
Action.c(263): web_add_header("Origin") was successful  	[MsgId: MMSG-26392]
Action.c(266): web_reg_save_param_json started  	[MsgId: MMSG-26355]
Action.c(266): Registering web_reg_save_param_json was successful  	[MsgId: MMSG-26390]
Action.c(273): web_reg_save_param_json started  	[MsgId: MMSG-26355]
Action.c(273): Registering web_reg_save_param_json was successful  	[MsgId: MMSG-26390]
Action.c(279): web_reg_save_param_json started  	[MsgId: MMSG-26355]
Action.c(279): Registering web_reg_save_param_json was successful  	[MsgId: MMSG-26390]
Action.c(285): web_custom_request("teamMember_2") started  	[MsgId: MMSG-26355]
Action.c(285): Error -26631: HTTP Status-Code=400 (Bad Request) for "https://dev-boomq.pflb.ru/auth-srv/teamMember?teamId=5"  	[MsgId: MERR-26631]
End auto log messages stack.	[MsgId: MMSG-10544]


Start auto log messages stack - Iteration 2.	[MsgId: MMSG-10545]
Action.c(285): Warning -35060: No matches were found for the specified query: "$..inviteUrl"  	[MsgId: MWAR-35060]
Action.c(285): Error -35060: No matches were found for the specified query: "$..id"  	[MsgId: MERR-35060]
Action.c(285): Error -35060: No matches were found for the specified query: "$..userId"  	[MsgId: MERR-35060]
End auto log messages stack.	[MsgId: MMSG-10544]


Start auto log messages stack - Iteration 1.	[MsgId: MMSG-10545]
Action.c(263): web_add_header("Origin") started  	[MsgId: MMSG-26355]
Action.c(263): web_add_header("Origin") was successful  	[MsgId: MMSG-26392]
Action.c(266): web_reg_save_param_json started  	[MsgId: MMSG-26355]
Action.c(266): Registering web_reg_save_param_json was successful  	[MsgId: MMSG-26390]
Action.c(273): web_reg_save_param_json started  	[MsgId: MMSG-26355]
Action.c(273): Registering web_reg_save_param_json was successful  	[MsgId: MMSG-26390]
Action.c(279): web_reg_save_param_json started  	[MsgId: MMSG-26355]
Action.c(279): Registering web_reg_save_param_json was successful  	[MsgId: MMSG-26390]
Action.c(285): web_custom_request("teamMember_2") started  	[MsgId: MMSG-26355]
Action.c(285): Error -26631: HTTP Status-Code=400 (Bad Request) for "https://dev-boomq.pflb.ru/auth-srv/teamMember?teamId=5"  	[MsgId: MERR-26631]
End auto log messages stack.	[MsgId: MMSG-10544]


Start auto log messages stack - Iteration 1.	[MsgId: MMSG-10545]
Action.c(285): Warning -35060: No matches were found for the specified query: "$..inviteUrl"  	[MsgId: MWAR-35060]
Action.c(285): Error -35060: No matches were found for the specified query: "$..id"  	[MsgId: MERR-35060]
Action.c(285): Error -35060: No matches were found for the specified query: "$..userId"  	[MsgId: MERR-35060]
End auto log messages stack.	[MsgId: MMSG-10544]


Start auto log messages stack - Iteration 3.	[MsgId: MMSG-10545]
Action.c(263): web_add_header("Origin") started  	[MsgId: MMSG-26355]
Action.c(263): web_add_header("Origin") was successful  	[MsgId: MMSG-26392]
Action.c(266): web_reg_save_param_json started  	[MsgId: MMSG-26355]
Action.c(266): Registering web_reg_save_param_json was successful  	[MsgId: MMSG-26390]
Action.c(273): web_reg_save_param_json started  	[MsgId: MMSG-26355]
Action.c(273): Registering web_reg_save_param_json was successful  	[MsgId: MMSG-26390]
Action.c(279): web_reg_save_param_json started  	[MsgId: MMSG-26355]
Action.c(279): Registering web_reg_save_param_json was successful  	[MsgId: MMSG-26390]
Action.c(285): web_custom_request("teamMember_2") started  	[MsgId: MMSG-26355]
Action.c(285): Error -26631: HTTP Status-Code=400 (Bad Request) for "https://dev-boomq.pflb.ru/auth-srv/teamMember?teamId=5"  	[MsgId: MERR-26631]
End auto log messages stack.	[MsgId: MMSG-10544]


Start auto log messages stack - Iteration 3.	[MsgId: MMSG-10545]
Action.c(285): Warning -35060: No matches were found for the specified query: "$..inviteUrl"  	[MsgId: MWAR-35060]
Action.c(285): Error -35060: No matches were found for the specified query: "$..id"  	[MsgId: MERR-35060]
Action.c(285): Error -35060: No matches were found for the specified query: "$..userId"  	[MsgId: MERR-35060]
End auto log messages stack.	[MsgId: MMSG-10544]


Start auto log messages stack - Iteration 3.	[MsgId: MMSG-10545]
Action.c(263): web_add_header("Origin") started  	[MsgId: MMSG-26355]
Action.c(263): web_add_header("Origin") was successful  	[MsgId: MMSG-26392]
Action.c(266): web_reg_save_param_json started  	[MsgId: MMSG-26355]
Action.c(266): Registering web_reg_save_param_json was successful  	[MsgId: MMSG-26390]
Action.c(273): web_reg_save_param_json started  	[MsgId: MMSG-26355]
Action.c(273): Registering web_reg_save_param_json was successful  	[MsgId: MMSG-26390]
Action.c(279): web_reg_save_param_json started  	[MsgId: MMSG-26355]
Action.c(279): Registering web_reg_save_param_json was successful  	[MsgId: MMSG-26390]
Action.c(285): web_custom_request("teamMember_2") started  	[MsgId: MMSG-26355]
Action.c(285): Error -26631: HTTP Status-Code=400 (Bad Request) for "https://dev-boomq.pflb.ru/auth-srv/teamMember?teamId=5"  	[MsgId: MERR-26631]
End auto log messages stack.	[MsgId: MMSG-10544]


Start auto log messages stack - Iteration 3.	[MsgId: MMSG-10545]
Action.c(285): Warning -35060: No matches were found for the specified query: "$..inviteUrl"  	[MsgId: MWAR-35060]
Action.c(285): Error -35060: No matches were found for the specified query: "$..id"  	[MsgId: MERR-35060]
Action.c(285): Error -35060: No matches were found for the specified query: "$..userId"  	[MsgId: MERR-35060]
End auto log messages stack.	[MsgId: MMSG-10544]


Start auto log messages stack - Iteration 2.	[MsgId: MMSG-10545]
Action.c(263): web_add_header("Origin") started  	[MsgId: MMSG-26355]
Action.c(263): web_add_header("Origin") was successful  	[MsgId: MMSG-26392]
Action.c(266): web_reg_save_param_json started  	[MsgId: MMSG-26355]
Action.c(266): Registering web_reg_save_param_json was successful  	[MsgId: MMSG-26390]
Action.c(273): web_reg_save_param_json started  	[MsgId: MMSG-26355]
Action.c(273): Registering web_reg_save_param_json was successful  	[MsgId: MMSG-26390]
Action.c(279): web_reg_save_param_json started  	[MsgId: MMSG-26355]
Action.c(279): Registering web_reg_save_param_json was successful  	[MsgId: MMSG-26390]
Action.c(285): web_custom_request("teamMember_2") started  	[MsgId: MMSG-26355]
Action.c(285): Error -26631: HTTP Status-Code=400 (Bad Request) for "https://dev-boomq.pflb.ru/auth-srv/teamMember?teamId=5"  	[MsgId: MERR-26631]
End auto log messages stack.	[MsgId: MMSG-10544]


Start auto log messages stack - Iteration 2.	[MsgId: MMSG-10545]
Action.c(285): Warning -35060: No matches were found for the specified query: "$..inviteUrl"  	[MsgId: MWAR-35060]
Action.c(285): Error -35060: No matches were found for the specified query: "$..id"  	[MsgId: MERR-35060]
Action.c(285): Error -35060: No matches were found for the specified query: "$..userId"  	[MsgId: MERR-35060]
End auto log messages stack.	[MsgId: MMSG-10544]


Start auto log messages stack - Iteration 4.	[MsgId: MMSG-10545]
Action.c(263): web_add_header("Origin") started  	[MsgId: MMSG-26355]
Action.c(263): web_add_header("Origin") was successful  	[MsgId: MMSG-26392]
Action.c(266): web_reg_save_param_json started  	[MsgId: MMSG-26355]
Action.c(266): Registering web_reg_save_param_json was successful  	[MsgId: MMSG-26390]
Action.c(273): web_reg_save_param_json started  	[MsgId: MMSG-26355]
Action.c(273): Registering web_reg_save_param_json was successful  	[MsgId: MMSG-26390]
Action.c(279): web_reg_save_param_json started  	[MsgId: MMSG-26355]
Action.c(279): Registering web_reg_save_param_json was successful  	[MsgId: MMSG-26390]
Action.c(285): web_custom_request("teamMember_2") started  	[MsgId: MMSG-26355]
Action.c(285): Error -26631: HTTP Status-Code=400 (Bad Request) for "https://dev-boomq.pflb.ru/auth-srv/teamMember?teamId=5"  	[MsgId: MERR-26631]
End auto log messages stack.	[MsgId: MMSG-10544]


Start auto log messages stack - Iteration 4.	[MsgId: MMSG-10545]
Action.c(285): Warning -35060: No matches were found for the specified query: "$..inviteUrl"  	[MsgId: MWAR-35060]
Action.c(285): Error -35060: No matches were found for the specified query: "$..id"  	[MsgId: MERR-35060]
Action.c(285): Error -35060: No matches were found for the specified query: "$..userId"  	[MsgId: MERR-35060]
End auto log messages stack.	[MsgId: MMSG-10544]


Start auto log messages stack - Iteration 4.	[MsgId: MMSG-10545]
Action.c(263): web_add_header("Origin") started  	[MsgId: MMSG-26355]
Action.c(263): web_add_header("Origin") was successful  	[MsgId: MMSG-26392]
Action.c(266): web_reg_save_param_json started  	[MsgId: MMSG-26355]
Action.c(266): Registering web_reg_save_param_json was successful  	[MsgId: MMSG-26390]
Action.c(273): web_reg_save_param_json started  	[MsgId: MMSG-26355]
Action.c(273): Registering web_reg_save_param_json was successful  	[MsgId: MMSG-26390]
Action.c(279): web_reg_save_param_json started  	[MsgId: MMSG-26355]
Action.c(279): Registering web_reg_save_param_json was successful  	[MsgId: MMSG-26390]
Action.c(285): web_custom_request("teamMember_2") started  	[MsgId: MMSG-26355]
Action.c(285): Error -26631: HTTP Status-Code=400 (Bad Request) for "https://dev-boomq.pflb.ru/auth-srv/teamMember?teamId=5"  	[MsgId: MERR-26631]
End auto log messages stack.	[MsgId: MMSG-10544]


Start auto log messages stack - Iteration 4.	[MsgId: MMSG-10545]
Action.c(285): Warning -35060: No matches were found for the specified query: "$..inviteUrl"  	[MsgId: MWAR-35060]
Action.c(285): Error -35060: No matches were found for the specified query: "$..id"  	[MsgId: MERR-35060]
Action.c(285): Error -35060: No matches were found for the specified query: "$..userId"  	[MsgId: MERR-35060]
End auto log messages stack.	[MsgId: MMSG-10544]


Start auto log messages stack - Iteration 1.	[MsgId: MMSG-10545]
Action.c(263): web_add_header("Origin") started  	[MsgId: MMSG-26355]
Action.c(263): web_add_header("Origin") was successful  	[MsgId: MMSG-26392]
Action.c(266): web_reg_save_param_json started  	[MsgId: MMSG-26355]
Action.c(266): Registering web_reg_save_param_json was successful  	[MsgId: MMSG-26390]
Action.c(273): web_reg_save_param_json started  	[MsgId: MMSG-26355]
Action.c(273): Registering web_reg_save_param_json was successful  	[MsgId: MMSG-26390]
Action.c(279): web_reg_save_param_json started  	[MsgId: MMSG-26355]
Action.c(279): Registering web_reg_save_param_json was successful  	[MsgId: MMSG-26390]
Action.c(285): web_custom_request("teamMember_2") started  	[MsgId: MMSG-26355]
Action.c(285): Error -26631: HTTP Status-Code=400 (Bad Request) for "https://dev-boomq.pflb.ru/auth-srv/teamMember?teamId=5"  	[MsgId: MERR-26631]
End auto log messages stack.	[MsgId: MMSG-10544]


Start auto log messages stack - Iteration 1.	[MsgId: MMSG-10545]
Action.c(285): Warning -35060: No matches were found for the specified query: "$..inviteUrl"  	[MsgId: MWAR-35060]
Action.c(285): Error -35060: No matches were found for the specified query: "$..id"  	[MsgId: MERR-35060]
Action.c(285): Error -35060: No matches were found for the specified query: "$..userId"  	[MsgId: MERR-35060]
End auto log messages stack.	[MsgId: MMSG-10544]


Start auto log messages stack - Iteration 3.	[MsgId: MMSG-10545]
Action.c(263): web_add_header("Origin") started  	[MsgId: MMSG-26355]
Action.c(263): web_add_header("Origin") was successful  	[MsgId: MMSG-26392]
Action.c(266): web_reg_save_param_json started  	[MsgId: MMSG-26355]
Action.c(266): Registering web_reg_save_param_json was successful  	[MsgId: MMSG-26390]
Action.c(273): web_reg_save_param_json started  	[MsgId: MMSG-26355]
Action.c(273): Registering web_reg_save_param_json was successful  	[MsgId: MMSG-26390]
Action.c(279): web_reg_save_param_json started  	[MsgId: MMSG-26355]
Action.c(279): Registering web_reg_save_param_json was successful  	[MsgId: MMSG-26390]
Action.c(285): web_custom_request("teamMember_2") started  	[MsgId: MMSG-26355]
Action.c(285): Error -26631: HTTP Status-Code=400 (Bad Request) for "https://dev-boomq.pflb.ru/auth-srv/teamMember?teamId=5"  	[MsgId: MERR-26631]
End auto log messages stack.	[MsgId: MMSG-10544]


Start auto log messages stack - Iteration 3.	[MsgId: MMSG-10545]
Action.c(285): Warning -35060: No matches were found for the specified query: "$..inviteUrl"  	[MsgId: MWAR-35060]
Action.c(285): Error -35060: No matches were found for the specified query: "$..id"  	[MsgId: MERR-35060]
Action.c(285): Error -35060: No matches were found for the specified query: "$..userId"  	[MsgId: MERR-35060]
End auto log messages stack.	[MsgId: MMSG-10544]


Start auto log messages stack - Iteration 5.	[MsgId: MMSG-10545]
Action.c(263): web_add_header("Origin") started  	[MsgId: MMSG-26355]
Action.c(263): web_add_header("Origin") was successful  	[MsgId: MMSG-26392]
Action.c(266): web_reg_save_param_json started  	[MsgId: MMSG-26355]
Action.c(266): Registering web_reg_save_param_json was successful  	[MsgId: MMSG-26390]
Action.c(273): web_reg_save_param_json started  	[MsgId: MMSG-26355]
Action.c(273): Registering web_reg_save_param_json was successful  	[MsgId: MMSG-26390]
Action.c(279): web_reg_save_param_json started  	[MsgId: MMSG-26355]
Action.c(279): Registering web_reg_save_param_json was successful  	[MsgId: MMSG-26390]
Action.c(285): web_custom_request("teamMember_2") started  	[MsgId: MMSG-26355]
Action.c(285): Error -26631: HTTP Status-Code=400 (Bad Request) for "https://dev-boomq.pflb.ru/auth-srv/teamMember?teamId=5"  	[MsgId: MERR-26631]
End auto log messages stack.	[MsgId: MMSG-10544]


Start auto log messages stack - Iteration 5.	[MsgId: MMSG-10545]
Action.c(285): Warning -35060: No matches were found for the specified query: "$..inviteUrl"  	[MsgId: MWAR-35060]
Action.c(285): Error -35060: No matches were found for the specified query: "$..id"  	[MsgId: MERR-35060]
Action.c(285): Error -35060: No matches were found for the specified query: "$..userId"  	[MsgId: MERR-35060]
End auto log messages stack.	[MsgId: MMSG-10544]


Start auto log messages stack - Iteration 2.	[MsgId: MMSG-10545]
Action.c(263): web_add_header("Origin") started  	[MsgId: MMSG-26355]
Action.c(263): web_add_header("Origin") was successful  	[MsgId: MMSG-26392]
Action.c(266): web_reg_save_param_json started  	[MsgId: MMSG-26355]
Action.c(266): Registering web_reg_save_param_json was successful  	[MsgId: MMSG-26390]
Action.c(273): web_reg_save_param_json started  	[MsgId: MMSG-26355]
Action.c(273): Registering web_reg_save_param_json was successful  	[MsgId: MMSG-26390]
Action.c(279): web_reg_save_param_json started  	[MsgId: MMSG-26355]
Action.c(279): Registering web_reg_save_param_json was successful  	[MsgId: MMSG-26390]
Action.c(285): web_custom_request("teamMember_2") started  	[MsgId: MMSG-26355]
Action.c(285): Error -26631: HTTP Status-Code=400 (Bad Request) for "https://dev-boomq.pflb.ru/auth-srv/teamMember?teamId=5"  	[MsgId: MERR-26631]
End auto log messages stack.	[MsgId: MMSG-10544]


Start auto log messages stack - Iteration 2.	[MsgId: MMSG-10545]
Action.c(285): Warning -35060: No matches were found for the specified query: "$..inviteUrl"  	[MsgId: MWAR-35060]
Action.c(285): Error -35060: No matches were found for the specified query: "$..id"  	[MsgId: MERR-35060]
Action.c(285): Error -35060: No matches were found for the specified query: "$..userId"  	[MsgId: MERR-35060]
End auto log messages stack.	[MsgId: MMSG-10544]


Start auto log messages stack - Iteration 4.	[MsgId: MMSG-10545]
Action.c(263): web_add_header("Origin") started  	[MsgId: MMSG-26355]
Action.c(263): web_add_header("Origin") was successful  	[MsgId: MMSG-26392]
Action.c(266): web_reg_save_param_json started  	[MsgId: MMSG-26355]
Action.c(266): Registering web_reg_save_param_json was successful  	[MsgId: MMSG-26390]
Action.c(273): web_reg_save_param_json started  	[MsgId: MMSG-26355]
Action.c(273): Registering web_reg_save_param_json was successful  	[MsgId: MMSG-26390]
Action.c(279): web_reg_save_param_json started  	[MsgId: MMSG-26355]
Action.c(279): Registering web_reg_save_param_json was successful  	[MsgId: MMSG-26390]
Action.c(285): web_custom_request("teamMember_2") started  	[MsgId: MMSG-26355]
Action.c(285): Error -26631: HTTP Status-Code=400 (Bad Request) for "https://dev-boomq.pflb.ru/auth-srv/teamMember?teamId=5"  	[MsgId: MERR-26631]
End auto log messages stack.	[MsgId: MMSG-10544]


Start auto log messages stack - Iteration 4.	[MsgId: MMSG-10545]
Action.c(285): Warning -35060: No matches were found for the specified query: "$..inviteUrl"  	[MsgId: MWAR-35060]
Action.c(285): Error -35060: No matches were found for the specified query: "$..id"  	[MsgId: MERR-35060]
Action.c(285): Error -35060: No matches were found for the specified query: "$..userId"  	[MsgId: MERR-35060]
End auto log messages stack.	[MsgId: MMSG-10544]


Start auto log messages stack - Iteration 5.	[MsgId: MMSG-10545]
Action.c(263): web_add_header("Origin") started  	[MsgId: MMSG-26355]
Action.c(263): web_add_header("Origin") was successful  	[MsgId: MMSG-26392]
Action.c(266): web_reg_save_param_json started  	[MsgId: MMSG-26355]
Action.c(266): Registering web_reg_save_param_json was successful  	[MsgId: MMSG-26390]
Action.c(273): web_reg_save_param_json started  	[MsgId: MMSG-26355]
Action.c(273): Registering web_reg_save_param_json was successful  	[MsgId: MMSG-26390]
Action.c(279): web_reg_save_param_json started  	[MsgId: MMSG-26355]
Action.c(279): Registering web_reg_save_param_json was successful  	[MsgId: MMSG-26390]
Action.c(285): web_custom_request("teamMember_2") started  	[MsgId: MMSG-26355]
Action.c(285): Error -26631: HTTP Status-Code=400 (Bad Request) for "https://dev-boomq.pflb.ru/auth-srv/teamMember?teamId=5"  	[MsgId: MERR-26631]
End auto log messages stack.	[MsgId: MMSG-10544]


Start auto log messages stack - Iteration 5.	[MsgId: MMSG-10545]
Action.c(285): Warning -35060: No matches were found for the specified query: "$..inviteUrl"  	[MsgId: MWAR-35060]
Action.c(285): Error -35060: No matches were found for the specified query: "$..id"  	[MsgId: MERR-35060]
Action.c(285): Error -35060: No matches were found for the specified query: "$..userId"  	[MsgId: MERR-35060]
End auto log messages stack.	[MsgId: MMSG-10544]


Start auto log messages stack - Iteration 3.	[MsgId: MMSG-10545]
Action.c(263): web_add_header("Origin") started  	[MsgId: MMSG-26355]
Action.c(263): web_add_header("Origin") was successful  	[MsgId: MMSG-26392]
Action.c(266): web_reg_save_param_json started  	[MsgId: MMSG-26355]
Action.c(266): Registering web_reg_save_param_json was successful  	[MsgId: MMSG-26390]
Action.c(273): web_reg_save_param_json started  	[MsgId: MMSG-26355]
Action.c(273): Registering web_reg_save_param_json was successful  	[MsgId: MMSG-26390]
Action.c(279): web_reg_save_param_json started  	[MsgId: MMSG-26355]
Action.c(279): Registering web_reg_save_param_json was successful  	[MsgId: MMSG-26390]
Action.c(285): web_custom_request("teamMember_2") started  	[MsgId: MMSG-26355]
Action.c(285): Error -26631: HTTP Status-Code=400 (Bad Request) for "https://dev-boomq.pflb.ru/auth-srv/teamMember?teamId=5"  	[MsgId: MERR-26631]
End auto log messages stack.	[MsgId: MMSG-10544]


Start auto log messages stack - Iteration 3.	[MsgId: MMSG-10545]
Action.c(285): Warning -35060: No matches were found for the specified query: "$..inviteUrl"  	[MsgId: MWAR-35060]
Action.c(285): Error -35060: No matches were found for the specified query: "$..id"  	[MsgId: MERR-35060]
Action.c(285): Error -35060: No matches were found for the specified query: "$..userId"  	[MsgId: MERR-35060]
End auto log messages stack.	[MsgId: MMSG-10544]


Start auto log messages stack - Iteration 5.	[MsgId: MMSG-10545]
Action.c(263): web_add_header("Origin") started  	[MsgId: MMSG-26355]
Action.c(263): web_add_header("Origin") was successful  	[MsgId: MMSG-26392]
Action.c(266): web_reg_save_param_json started  	[MsgId: MMSG-26355]
Action.c(266): Registering web_reg_save_param_json was successful  	[MsgId: MMSG-26390]
Action.c(273): web_reg_save_param_json started  	[MsgId: MMSG-26355]
Action.c(273): Registering web_reg_save_param_json was successful  	[MsgId: MMSG-26390]
Action.c(279): web_reg_save_param_json started  	[MsgId: MMSG-26355]
Action.c(279): Registering web_reg_save_param_json was successful  	[MsgId: MMSG-26390]
Action.c(285): web_custom_request("teamMember_2") started  	[MsgId: MMSG-26355]
Action.c(285): Error -26631: HTTP Status-Code=400 (Bad Request) for "https://dev-boomq.pflb.ru/auth-srv/teamMember?teamId=5"  	[MsgId: MERR-26631]
End auto log messages stack.	[MsgId: MMSG-10544]


Start auto log messages stack - Iteration 5.	[MsgId: MMSG-10545]
Action.c(285): Warning -35060: No matches were found for the specified query: "$..inviteUrl"  	[MsgId: MWAR-35060]
Action.c(285): Error -35060: No matches were found for the specified query: "$..id"  	[MsgId: MERR-35060]
Action.c(285): Error -35060: No matches were found for the specified query: "$..userId"  	[MsgId: MERR-35060]
End auto log messages stack.	[MsgId: MMSG-10544]


Start auto log messages stack - Iteration 6.	[MsgId: MMSG-10545]
Action.c(263): web_add_header("Origin") started  	[MsgId: MMSG-26355]
Action.c(263): web_add_header("Origin") was successful  	[MsgId: MMSG-26392]
Action.c(266): web_reg_save_param_json started  	[MsgId: MMSG-26355]
Action.c(266): Registering web_reg_save_param_json was successful  	[MsgId: MMSG-26390]
Action.c(273): web_reg_save_param_json started  	[MsgId: MMSG-26355]
Action.c(273): Registering web_reg_save_param_json was successful  	[MsgId: MMSG-26390]
Action.c(279): web_reg_save_param_json started  	[MsgId: MMSG-26355]
Action.c(279): Registering web_reg_save_param_json was successful  	[MsgId: MMSG-26390]
Action.c(285): web_custom_request("teamMember_2") started  	[MsgId: MMSG-26355]
Action.c(285): Error -26631: HTTP Status-Code=400 (Bad Request) for "https://dev-boomq.pflb.ru/auth-srv/teamMember?teamId=5"  	[MsgId: MERR-26631]
End auto log messages stack.	[MsgId: MMSG-10544]


Start auto log messages stack - Iteration 6.	[MsgId: MMSG-10545]
Action.c(285): Warning -35060: No matches were found for the specified query: "$..inviteUrl"  	[MsgId: MWAR-35060]
Action.c(285): Error -35060: No matches were found for the specified query: "$..id"  	[MsgId: MERR-35060]
Action.c(285): Error -35060: No matches were found for the specified query: "$..userId"  	[MsgId: MERR-35060]
End auto log messages stack.	[MsgId: MMSG-10544]


Start auto log messages stack - Iteration 6.	[MsgId: MMSG-10545]
Action.c(263): web_add_header("Origin") started  	[MsgId: MMSG-26355]
Action.c(263): web_add_header("Origin") was successful  	[MsgId: MMSG-26392]
Action.c(266): web_reg_save_param_json started  	[MsgId: MMSG-26355]
Action.c(266): Registering web_reg_save_param_json was successful  	[MsgId: MMSG-26390]
Action.c(273): web_reg_save_param_json started  	[MsgId: MMSG-26355]
Action.c(273): Registering web_reg_save_param_json was successful  	[MsgId: MMSG-26390]
Action.c(279): web_reg_save_param_json started  	[MsgId: MMSG-26355]
Action.c(279): Registering web_reg_save_param_json was successful  	[MsgId: MMSG-26390]
Action.c(285): web_custom_request("teamMember_2") started  	[MsgId: MMSG-26355]
Action.c(285): Error -26631: HTTP Status-Code=400 (Bad Request) for "https://dev-boomq.pflb.ru/auth-srv/teamMember?teamId=5"  	[MsgId: MERR-26631]
End auto log messages stack.	[MsgId: MMSG-10544]


Start auto log messages stack - Iteration 6.	[MsgId: MMSG-10545]
Action.c(285): Warning -35060: No matches were found for the specified query: "$..inviteUrl"  	[MsgId: MWAR-35060]
Action.c(285): Error -35060: No matches were found for the specified query: "$..id"  	[MsgId: MERR-35060]
Action.c(285): Error -35060: No matches were found for the specified query: "$..userId"  	[MsgId: MERR-35060]
End auto log messages stack.	[MsgId: MMSG-10544]


Start auto log messages stack - Iteration 4.	[MsgId: MMSG-10545]
Action.c(263): web_add_header("Origin") started  	[MsgId: MMSG-26355]
Action.c(263): web_add_header("Origin") was successful  	[MsgId: MMSG-26392]
Action.c(266): web_reg_save_param_json started  	[MsgId: MMSG-26355]
Action.c(266): Registering web_reg_save_param_json was successful  	[MsgId: MMSG-26390]
Action.c(273): web_reg_save_param_json started  	[MsgId: MMSG-26355]
Action.c(273): Registering web_reg_save_param_json was successful  	[MsgId: MMSG-26390]
Action.c(279): web_reg_save_param_json started  	[MsgId: MMSG-26355]
Action.c(279): Registering web_reg_save_param_json was successful  	[MsgId: MMSG-26390]
Action.c(285): web_custom_request("teamMember_2") started  	[MsgId: MMSG-26355]
Action.c(285): Error -26631: HTTP Status-Code=400 (Bad Request) for "https://dev-boomq.pflb.ru/auth-srv/teamMember?teamId=5"  	[MsgId: MERR-26631]
End auto log messages stack.	[MsgId: MMSG-10544]


Start auto log messages stack - Iteration 4.	[MsgId: MMSG-10545]
Action.c(285): Warning -35060: No matches were found for the specified query: "$..inviteUrl"  	[MsgId: MWAR-35060]
Action.c(285): Error -35060: No matches were found for the specified query: "$..id"  	[MsgId: MERR-35060]
Action.c(285): Error -35060: No matches were found for the specified query: "$..userId"  	[MsgId: MERR-35060]
End auto log messages stack.	[MsgId: MMSG-10544]


